<?xml version="1.0" encoding="UTF-8"?>
<testsuite name="SetOperationTest" tests="3" skipped="0" failures="0" errors="0" timestamp="2016-05-11T12:01:20" hostname="Rickard-Dator" time="0.127">
  <properties/>
  <testcase name="testComplement" classname="SetOperationTest" time="0.124"/>
  <testcase name="testUnion" classname="SetOperationTest" time="0.002"/>
  <testcase name="testIntersect" classname="SetOperationTest" time="0.001"/>
  <system-out><![CDATA[]]></system-out>
  <system-err><![CDATA[]]></system-err>
</testsuite>
